<?xml version="1.0" encoding="UTF-8"?>
<testsuite xmlns:xsi="http://www.w3.org/2001/XMLSchema-instance" xsi:noNamespaceSchemaLocation="https://maven.apache.org/surefire/maven-surefire-plugin/xsd/surefire-test-report-3.0.xsd" version="3.0" name="fr.fortytwo.repositories.ProductsRepositoryJdbcImplTest" time="0.306" tests="11" errors="0" skipped="0" failures="0">
  <properties>
[...]
</properties>
  <testcase name="testFindAllReturnsAllProducts" classname="fr.fortytwo.repositories.ProductsRepositoryJdbcImplTest" time="0.03">
    <system-err><![CDATA[Sep 09, 2026 11:08:14 PM org.springframework.jdbc.datasource.embedded.EmbeddedDatabaseFactory initDatabase
INFO: Starting embedded database: url='jdbc:hsqldb:mem:testdb', username='sa'
Sep 09, 2026 11:08:14 PM org.springframework.jdbc.datasource.embedded.EmbeddedDatabaseFactory shutdownDatabase
INFO: Shutting down embedded database: url='jdbc:hsqldb:mem:testdb'
]]></system-err>
  </testcase>
  <testcase name="testFindByIdReturnsCorrectProduct" classname="fr.fortytwo.repositories.ProductsRepositoryJdbcImplTest" time="0.032">
    <system-err><![CDATA[Sep 09, 2026 11:08:14 PM org.springframework.jdbc.datasource.embedded.EmbeddedDatabaseFactory initDatabase
INFO: Starting embedded database: url='jdbc:hsqldb:mem:testdb', username='sa'
Sep 09, 2026 11:08:15 PM org.springframework.jdbc.datasource.embedded.EmbeddedDatabaseFactory shutdownDatabase
INFO: Shutting down embedded database: url='jdbc:hsqldb:mem:testdb'
]]></system-err>
  </testcase>
  <testcase name="testDeleteDecreasesCount" classname="fr.fortytwo.repositories.ProductsRepositoryJdbcImplTest" time="0.023">
    <system-err><![CDATA[Sep 09, 2026 11:08:15 PM org.springframework.jdbc.datasource.embedded.EmbeddedDatabaseFactory initDatabase
INFO: Starting embedded database: url='jdbc:hsqldb:mem:testdb', username='sa'
Sep 09, 2026 11:08:15 PM org.springframework.jdbc.datasource.embedded.EmbeddedDatabaseFactory shutdownDatabase
INFO: Shutting down embedded database: url='jdbc:hsqldb:mem:testdb'
]]></system-err>
  </testcase>
  <testcase name="testSaveIncreasesCount" classname="fr.fortytwo.repositories.ProductsRepositoryJdbcImplTest" time="0.021">
    <system-err><![CDATA[Sep 09, 2026 11:08:15 PM org.springframework.jdbc.datasource.embedded.EmbeddedDatabaseFactory initDatabase
INFO: Starting embedded database: url='jdbc:hsqldb:mem:testdb', username='sa'
Sep 09, 2026 11:08:15 PM org.springframework.jdbc.datasource.embedded.EmbeddedDatabaseFactory shutdownDatabase
INFO: Shutting down embedded database: url='jdbc:hsqldb:mem:testdb'
]]></system-err>
  </testcase>
  <testcase name="testDeleteNonExistentIdDoesNotThrow" classname="fr.fortytwo.repositories.ProductsRepositoryJdbcImplTest" time="0.041">
    <system-err><![CDATA[Sep 09, 2026 11:08:15 PM org.springframework.jdbc.datasource.embedded.EmbeddedDatabaseFactory initDatabase
INFO: Starting embedded database: url='jdbc:hsqldb:mem:testdb', username='sa'
Sep 09, 2026 11:08:15 PM org.springframework.jdbc.datasource.embedded.EmbeddedDatabaseFactory shutdownDatabase
INFO: Shutting down embedded database: url='jdbc:hsqldb:mem:testdb'
]]></system-err>
  </testcase>
  <testcase name="testUpdateChangesProductFields" classname="fr.fortytwo.repositories.ProductsRepositoryJdbcImplTest" time="0.02">
    <system-err><![CDATA[Sep 09, 2026 11:08:15 PM org.springframework.jdbc.datasource.embedded.EmbeddedDatabaseFactory initDatabase
INFO: Starting embedded database: url='jdbc:hsqldb:mem:testdb', username='sa'
Sep 09, 2026 11:08:15 PM org.springframework.jdbc.datasource.embedded.EmbeddedDatabaseFactory shutdownDatabase
INFO: Shutting down embedded database: url='jdbc:hsqldb:mem:testdb'
]]></system-err>
  </testcase>
  <testcase name="testDeleteRemovesProduct" classname="fr.fortytwo.repositories.ProductsRepositoryJdbcImplTest" time="0.022">
    <system-err><![CDATA[Sep 09, 2026 11:08:15 PM org.springframework.jdbc.datasource.embedded.EmbeddedDatabaseFactory initDatabase
INFO: Starting embedded database: url='jdbc:hsqldb:mem:testdb', username='sa'
Sep 09, 2026 11:08:15 PM org.springframework.jdbc.datasource.embedded.EmbeddedDatabaseFactory shutdownDatabase
INFO: Shutting down embedded database: url='jdbc:hsqldb:mem:testdb'
]]></system-err>
  </testcase>
  <testcase name="testUpdateDoesNotChangeRowCount" classname="fr.fortytwo.repositories.ProductsRepositoryJdbcImplTest" time="0.022">
    <system-err><![CDATA[Sep 09, 2026 11:08:15 PM org.springframework.jdbc.datasource.embedded.EmbeddedDatabaseFactory initDatabase
INFO: Starting embedded database: url='jdbc:hsqldb:mem:testdb', username='sa'
Sep 09, 2026 11:08:15 PM org.springframework.jdbc.datasource.embedded.EmbeddedDatabaseFactory shutdownDatabase
INFO: Shutting down embedded database: url='jdbc:hsqldb:mem:testdb'
]]></system-err>
  </testcase>
  <testcase name="testFindByIdReturnsEmptyForUnknownId" classname="fr.fortytwo.repositories.ProductsRepositoryJdbcImplTest" time="0.019">
    <system-err><![CDATA[Sep 09, 2026 11:08:15 PM org.springframework.jdbc.datasource.embedded.EmbeddedDatabaseFactory initDatabase
INFO: Starting embedded database: url='jdbc:hsqldb:mem:testdb', username='sa'
Sep 09, 2026 11:08:15 PM org.springframework.jdbc.datasource.embedded.EmbeddedDatabaseFactory shutdownDatabase
INFO: Shutting down embedded database: url='jdbc:hsqldb:mem:testdb'
]]></system-err>
  </testcase>
  <testcase name="testFindAllReturnsCorrectSize" classname="fr.fortytwo.repositories.ProductsRepositoryJdbcImplTest" time="0.019">
    <system-err><![CDATA[Sep 09, 2026 11:08:15 PM org.springframework.jdbc.datasource.embedded.EmbeddedDatabaseFactory initDatabase
INFO: Starting embedded database: url='jdbc:hsqldb:mem:testdb', username='sa'
Sep 09, 2026 11:08:15 PM org.springframework.jdbc.datasource.embedded.EmbeddedDatabaseFactory shutdownDatabase
INFO: Shutting down embedded database: url='jdbc:hsqldb:mem:testdb'
]]></system-err>
  </testcase>
  <testcase name="testSaveInsertsNewProduct" classname="fr.fortytwo.repositories.ProductsRepositoryJdbcImplTest" time="0.047">
    <system-err><![CDATA[Sep 09, 2026 11:08:15 PM org.springframework.jdbc.datasource.embedded.EmbeddedDatabaseFactory initDatabase
INFO: Starting embedded database: url='jdbc:hsqldb:mem:testdb', username='sa'
Sep 09, 2026 11:08:15 PM org.springframework.jdbc.datasource.embedded.EmbeddedDatabaseFactory shutdownDatabase
INFO: Shutting down embedded database: url='jdbc:hsqldb:mem:testdb'
]]></system-err>
  </testcase>
</testsuite>